Downloading Web SDK...                                           2.885ms
Resolving dependencies...
Downloading packages...
  audioplayers 6.7.0 (6.7.1 available)
  camera 0.11.4 (0.12.0+1 available)
  camera_android_camerax 0.6.30 (0.7.2+1 available)
  camera_avfoundation 0.9.23+2 (0.10.1 available)
  camera_web 0.3.5+3 (0.3.5+4 available)
  cli_util 0.4.2 (0.5.1 available)
  code_assets 1.0.0 (1.2.1 available)
  flutter_lints 4.0.0 (6.0.0 available)
  flutter_plugin_android_lifecycle 2.0.34 (2.0.35 available)
  google_mlkit_commons 0.8.1 (0.11.1 available)
  google_mlkit_text_recognition 0.13.1 (0.15.1 available)
  hooks 1.0.3 (2.0.2 available)
  image_picker_android 0.8.13+16 (0.8.13+19 available)
  lints 4.0.0 (6.1.0 available)
  matcher 0.12.19 (0.12.20 available)
  meta 1.17.0 (1.18.3 available)
  native_toolchain_c 0.17.6 (0.19.1 available)
  objective_c 9.3.0 (9.4.1 available)
  package_config 2.2.0 (3.0.0 available)
  permission_handler 11.4.0 (12.0.3 available)
  permission_handler_android 12.1.0 (13.0.1 available)
  permission_handler_apple 9.4.7 (9.4.10 available)
  synchronized 3.4.0+1 (3.4.1 available)
  test_api 0.7.10 (0.7.12 available)
  vector_math 2.2.0 (2.4.0 available)
Got dependencies!
25 packages have newer versions incompatible with dependency constraints.
Try `flutter pub outdated` for more information.
Launching lib\main.dart on Chrome in debug mode...
Waiting for connection from debug service on Chrome...             23,7s

Flutter run key commands.
r Hot reload. 
R Hot restart.
h List all available interactive commands.
d Detach (terminate "flutter run" but leave application running).
c Clear the screen
q Quit (terminate the application on the device).

Debug service listening on ws://127.0.0.1:60007/WOwAJ3UkWHU=/ws
A Dart VM Service on Chrome is available at: http://127.0.0.1:60007/WOwAJ3UkWHU=
The Flutter DevTools debugger and profiler on Chrome is available at: http://127.0.0.1:60007/WOwAJ3UkWHU=/devtools/?uri=ws://127.0.0.1:60007/WOwAJ3UkWHU=/ws
Starting application from main method in: org-dartlang-app:/web_entrypoint.dart.
Got object store box in database reading_history.
